Using pre-set license
Built from '2022.3/staging' branch; Version is '2022.3.40f1 (cbdda657d2f0) revision 13360550'; Using compiler version '192829333'; Build Type 'Release'
OS: 'Windows 11  (10.0.22631) 64bit Professional' Language: 'en' Physical Memory: 32538 MB
BatchMode: 1, IsHumanControllingUs: 0, StartBugReporterOnCrash: 0, Is64bit: 1, IsPro: 1

COMMAND LINE ARGUMENTS:
C:\Program Files\Unity\Hub\Editor\2022.3.40f1\Editor\Unity.exe
-adb2
-batchMode
-noUpm
-name
AssetImportWorker2
-projectPath
D:/Other Repos/A-Physics-Defence-Game
-logFile
Logs/AssetImportWorker2.log
-srvPort
50070
Successfully changed project path to: D:/Other Repos/A-Physics-Defence-Game
D:/Other Repos/A-Physics-Defence-Game
[UnityMemory] Configuration Parameters - Can be set up in boot.config
    "memorysetup-bucket-allocator-granularity=16"
    "memorysetup-bucket-allocator-bucket-count=8"
    "memorysetup-bucket-allocator-block-size=33554432"
    "memorysetup-bucket-allocator-block-count=8"
    "memorysetup-main-allocator-block-size=16777216"
    "memorysetup-thread-allocator-block-size=16777216"
    "memorysetup-gfx-main-allocator-block-size=16777216"
    "memorysetup-gfx-thread-allocator-block-size=16777216"
    "memorysetup-cache-allocator-block-size=4194304"
    "memorysetup-typetree-allocator-block-size=2097152"
    "memorysetup-profiler-bucket-allocator-granularity=16"
    "memorysetup-profiler-bucket-allocator-bucket-count=8"
    "memorysetup-profiler-bucket-allocator-block-size=33554432"
    "memorysetup-profiler-bucket-allocator-block-count=8"
    "memorysetup-profiler-allocator-block-size=16777216"
    "memorysetup-profiler-editor-allocator-block-size=1048576"
    "memorysetup-temp-allocator-size-main=16777216"
    "memorysetup-job-temp-allocator-block-size=2097152"
    "memorysetup-job-temp-allocator-block-size-background=1048576"
    "memorysetup-job-temp-allocator-reduction-small-platforms=262144"
    "memorysetup-allocator-temp-initial-block-size-main=262144"
    "memorysetup-allocator-temp-initial-block-size-worker=262144"
    "memorysetup-temp-allocator-size-background-worker=32768"
    "memorysetup-temp-allocator-size-job-worker=262144"
    "memorysetup-temp-allocator-size-preload-manager=33554432"
    "memorysetup-temp-allocator-size-nav-mesh-worker=65536"
    "memorysetup-temp-allocator-size-audio-worker=65536"
    "memorysetup-temp-allocator-size-cloud-worker=32768"
    "memorysetup-temp-allocator-size-gi-baking-worker=262144"
    "memorysetup-temp-allocator-size-gfx=262144"
Player connection [13708]  Target information:

Player connection [13708]  * "[IP] 192.168.1.129 [Port] 0 [Flags] 2 [Guid] 1757344216 [EditorId] 1757344216 [Version] 1048832 [Id] WindowsEditor(7,DESKTOP-OHIN4LI) [Debug] 1 [PackageName] WindowsEditor [ProjectName] Editor" 

Player connection [13708] Host joined multi-casting on [225.0.0.222:54997]...
Player connection [13708] Host joined alternative multi-casting on [225.0.0.222:34997]...
[PhysX] Initialized MultithreadedTaskDispatcher with 16 workers.
Refreshing native plugins compatible for Editor in 0.98 ms, found 0 plugins.
Preloading 0 native plugins for Editor in 0.00 ms.
Initialize engine version: 2022.3.40f1 (cbdda657d2f0)
[Subsystems] Discovering subsystems at path C:/Program Files/Unity/Hub/Editor/2022.3.40f1/Editor/Data/Resources/UnitySubsystems
[Subsystems] Discovering subsystems at path D:/Other Repos/A-Physics-Defence-Game/Assets
GfxDevice: creating device client; threaded=0; jobified=0
Direct3D:
    Version:  Direct3D 11.0 [level 11.1]
    Renderer: NVIDIA GeForce RTX 3060 (ID=0x2504)
    Vendor:   NVIDIA
    VRAM:     12115 MB
    Driver:   32.0.15.6094
Initialize mono
Mono path[0] = 'C:/Program Files/Unity/Hub/Editor/2022.3.40f1/Editor/Data/Managed'
Mono path[1] = 'C:/Program Files/Unity/Hub/Editor/2022.3.40f1/Editor/Data/MonoBleedingEdge/lib/mono/unityjit-win32'
Mono config path = 'C:/Program Files/Unity/Hub/Editor/2022.3.40f1/Editor/Data/MonoBleedingEdge/etc'
Using monoOptions --debugger-agent=transport=dt_socket,embedding=1,server=y,suspend=n,address=127.0.0.1:56112
Begin MonoManager ReloadAssembly
Registering precompiled unity dll's ...
Register platform support module: C:/Program Files/Unity/Hub/Editor/2022.3.40f1/Editor/Data/PlaybackEngines/AndroidPlayer/UnityEditor.Android.Extensions.dll
Register platform support module: C:/Program Files/Unity/Hub/Editor/2022.3.40f1/Editor/Data/PlaybackEngines/iOSSupport/UnityEditor.iOS.Extensions.dll
Register platform support module: C:/Program Files/Unity/Hub/Editor/2022.3.40f1/Editor/Data/PlaybackEngines/WindowsStandaloneSupport/UnityEditor.WindowsStandalone.Extensions.dll
Registered in 0.005470 seconds.
- Loaded All Assemblies, in  0.335 seconds
Native extension for WindowsStandalone target not found
[usbmuxd] Start listen thread
[usbmuxd] Listen thread started
[usbmuxd] Send listen message
Native extension for iOS target not found
Native extension for Android target not found
Android Extension - Scanning For ADB Devices 216 ms
Mono: successfully reloaded assembly
- Finished resetting the current domain, in  0.525 seconds
Domain Reload Profiling: 859ms
	BeginReloadAssembly (98ms)
		ExecutionOrderSort (0ms)
		DisableScriptedObjects (0ms)
		BackupInstance (0ms)
		ReleaseScriptingObjects (0ms)
		CreateAndSetChildDomain (1ms)
	RebuildCommonClasses (32ms)
	RebuildNativeTypeToScriptingClass (10ms)
	initialDomainReloadingComplete (53ms)
	LoadAllAssembliesAndSetupDomain (141ms)
		LoadAssemblies (97ms)
		RebuildTransferFunctionScriptingTraits (0ms)
		AnalyzeDomain (139ms)
			TypeCache.Refresh (137ms)
				TypeCache.ScanAssembly (122ms)
			ScanForSourceGeneratedMonoScriptInfo (0ms)
			ResolveRequiredComponents (1ms)
	FinalizeReload (526ms)
		ReleaseScriptCaches (0ms)
		RebuildScriptCaches (0ms)
		SetupLoadedEditorAssemblies (484ms)
			LogAssemblyErrors (0ms)
			InitializePlatformSupportModulesInManaged (345ms)
			SetLoadedEditorAssemblies (3ms)
			RefreshPlugins (0ms)
			BeforeProcessingInitializeOnLoad (2ms)
			ProcessInitializeOnLoadAttributes (94ms)
			ProcessInitializeOnLoadMethodAttributes (40ms)
			AfterProcessingInitializeOnLoad (0ms)
			EditorAssembliesLoaded (0ms)
		ExecutionOrderSort2 (0ms)
		AwakeInstancesAfterBackupRestoration (0ms)
========================================================================
Worker process is ready to serve import requests
Caller must complete domain reload
Begin MonoManager ReloadAssembly
- Loaded All Assemblies, in  0.376 seconds
Native extension for WindowsStandalone target not found
Native extension for iOS target not found
Native extension for Android target not found
Mono: successfully reloaded assembly
- Finished resetting the current domain, in  0.268 seconds
Domain Reload Profiling: 644ms
	BeginReloadAssembly (105ms)
		ExecutionOrderSort (0ms)
		DisableScriptedObjects (3ms)
		BackupInstance (0ms)
		ReleaseScriptingObjects (0ms)
		CreateAndSetChildDomain (15ms)
	RebuildCommonClasses (23ms)
	RebuildNativeTypeToScriptingClass (6ms)
	initialDomainReloadingComplete (28ms)
	LoadAllAssembliesAndSetupDomain (213ms)
		LoadAssemblies (250ms)
		RebuildTransferFunctionScriptingTraits (0ms)
		AnalyzeDomain (24ms)
			TypeCache.Refresh (22ms)
				TypeCache.ScanAssembly (10ms)
			ScanForSourceGeneratedMonoScriptInfo (1ms)
			ResolveRequiredComponents (0ms)
	FinalizeReload (269ms)
		ReleaseScriptCaches (0ms)
		RebuildScriptCaches (0ms)
		SetupLoadedEditorAssemblies (173ms)
			LogAssemblyErrors (0ms)
			InitializePlatformSupportModulesInManaged (26ms)
			SetLoadedEditorAssemblies (2ms)
			RefreshPlugins (0ms)
			BeforeProcessingInitializeOnLoad (26ms)
			ProcessInitializeOnLoadAttributes (102ms)
			ProcessInitializeOnLoadMethodAttributes (13ms)
			AfterProcessingInitializeOnLoad (3ms)
			EditorAssembliesLoaded (0ms)
		ExecutionOrderSort2 (0ms)
		AwakeInstancesAfterBackupRestoration (5ms)
Launched and connected shader compiler UnityShaderCompiler.exe after 0.03 seconds
Refreshing native plugins compatible for Editor in 0.54 ms, found 0 plugins.
Preloading 0 native plugins for Editor in 0.00 ms.
Unloading 82 Unused Serialized files (Serialized files now loaded: 0)
Unloading 5 unused Assets / (50.4 KB). Loaded Objects now: 552.
Memory consumption went from 58.1 MB to 58.0 MB.
Total: 2.452600 ms (FindLiveObjects: 0.057300 ms CreateObjectMapping: 0.005400 ms MarkObjects: 2.305800 ms  DeleteObjects: 0.083100 ms)

AssetImportParameters requested are different than current active one (requested -> active):
  custom:video-decoder-ogg-theora: a1e56fd34408186e4bbccfd4996cb3dc -> 
  custom:container-muxer-webm: aa71ff27fc2769a1b78a27578f13a17b -> 
  custom:container-demuxer-webm: 4f35f7cbe854078d1ac9338744f61a02 -> 
  custom:video-encoder-webm-vp8: eb34c28f22e8b96e1ab97ce403110664 -> 
  custom:CustomObjectIndexerAttribute: 9a22284fe3817be447336de3de66b15e -> 
  custom:audio-encoder-webm-vorbis: bf7c407c2cedff20999df2af8eb42d56 -> 
  custom:framework-win-MediaFoundation: 216162199b28c13a410421893ffa2e32 -> 
  custom:SearchIndexIgnoredProperties: e643bd26f0fe6173181afceb89e7c659 -> 
  custom:container-demuxer-ogg: 62fdf1f143b41e24485cea50d1cbac27 -> 
  custom:video-decoder-webm-vp8: 9c59270c3fd7afecdb556c50c9e8de78 -> 
  custom:audio-decoder-ogg-vorbis: bf7c407c2cedff20999df2af8eb42d56 -> 
  custom:AudioImporter_EditorPlatform: d09bf68614088b80899f8185d706f6e7 -> 
  custom:scripting/monoscript/fileName/PackageManagerTracker.cs:  -> 651bbc6653e509037fd83f80aa48fad7
  custom:scripting/monoscript/fileName/LastWriteTracker.cs:  -> c78bd5b4fa28ac60ca7ed50f9c2b99d2
  custom:scripting/monoscript/fileName/RiderScriptEditorData.cs:  -> fb9aed0c9d95878995d450a00d549f78
  custom:scripting/monoscript/fileName/IFileIO.cs:  -> d1715877724f6e7813b95bae6fbc24d5
  custom:scripting/monoscript/fileName/SerializableVersion.cs:  -> 66cf30c0372dc35aea960f71af56ff8a
  custom:scripting/monoscript/fileName/FileSystemUtil.cs:  -> 3a1d37ca0015bdfbd542c903cf738043
  custom:scripting/monoscript/fileName/IAssemblyNameProvider.cs:  -> 005dc9d9c07dc825fea94e0fbc841e20
  custom:scripting/monoscript/fileName/ProjectGeneration.cs:  -> 2bbfb8fc762d145b0b8f0404790fa10d
  custom:scripting/precompiled-assembly-types:Unity.Rider.Editor:  -> 779c3d12912b24f1489dd2c8edbbba8e
  custom:scripting/monoscript/fileName/FileIOProvider.cs:  -> 93247588b72fb2c2d642acc7359e639c
  custom:scripting/monoscript/fileName/CommandLineParser.cs:  -> 25c8ce1c1ecf3aba3903da1187b88166
  custom:scripting/monoscript/fileName/AssemblyNameProvider.cs:  -> b2548d11c5a56238ffab3a68b5dcee26
  custom:scripting/monoscript/fileName/StringBuilderExtensions.cs:  -> 14a3bca92eed52569c50d58813f48a9b
  custom:scripting/precompiled-assembly-types:JetBrains.Rider.PathLocator:  -> cc0f6b5fd89737b9c88f7fff1881167a
  custom:scripting/monoscript/fileName/RiderScriptEditor.cs:  -> 4ddd2581343451de6f696adaf8c0958f
  custom:scripting/monoscript/fileName/LinkXmlInstaller.cs:  -> 3dee13f8f8e266475c77d4ab15dbe018
  custom:scripting/monoscript/fileName/RiderInitializer.cs:  -> d44ce07d40dcd4d066b6c1c8d08f3519
  custom:scripting/monoscript/fileName/EditorPluginInterop.cs:  -> 087796556f1ed2025e28209e52d82ccc
  custom:scripting/monoscript/fileName/RiderTestRunner.cs:  -> b9ea3ff0565ae2955ea8f15dd6e578d4
  custom:scripting/monoscript/fileName/RiderDebugLinkXmlProcessor.cs:  -> 099ca395a105c6ac1743d631f5230607
  custom:scripting/monoscript/fileName/RiderMenu.cs:  -> a430c0ff873704a92fbd3fa96f173c8d
  custom:scripting/monoscript/fileName/LibcNativeInterop.cs:  -> 77c1db6bef2e1063dc874463b520ed18
  custom:scripting/monoscript/fileName/StringUtils.cs:  -> 2be5fb51e6f0660c955416f4d8f6f7ad
  custom:scripting/monoscript/fileName/StartUpMethodExecutor.cs:  -> 45cc23141d36926881d69e4d2f8950c7
  custom:scripting/monoscript/fileName/IGenerator.cs:  -> 7460422a7cf0a449df86606b185ffb0e
  custom:scripting/monoscript/fileName/RiderDebuggerProvider.cs:  -> 678aab743b360488ecff56faa503ec8d
  custom:scripting/monoscript/fileName/RiderScriptEditorDataPersisted.cs:  -> 93e7c36b8be60b7055550adb6ace534f
  custom:scripting/monoscript/fileName/PluginSettings.cs:  -> 4ee82f9c59f87f1dece05e6b9763c365
  custom:scripting/monoscript/fileName/ProjectPart.cs:  -> e09789f5d21ec839c23f3a2c8c340a5a
  custom:scripting/monoscript/fileName/RiderStyles.cs:  -> 871a958d95b29e48af876a5d411c626a
  custom:scripting/monoscript/fileName/RiderPathUtil.cs:  -> a77167e74e3a3d01856e2c8265c09e64
  custom:scripting/monoscript/fileName/RiderAssetPostprocessor.cs:  -> e95044eb94149eee30f5192e36c02104
  custom:scripting/monoscript/fileName/Discovery.cs:  -> 6c003b3862e6a4a3190ec655cba01f40
  custom:scripting/monoscript/fileName/IGUIDGenerator.cs:  -> bad2c2e3b2dbec33c36bdfd6fc903e19
  custom:scripting/monoscript/fileName/GUIDProvider.cs:  -> 3e1b7e2f9f1116bc475fe8e583750bd5
  custom:scripting/monoscript/fileName/SolutionGuidGenerator.cs:  -> 39a21c4f5e351b9b4a2916e800641a4a
  custom:scripting/precompiled-assembly-types:nunit.framework:  -> de9c6147ae45b4e3446d0e562fb3bbe3
